<?xml version="1.0" encoding="UTF-8"?>
<testsuite xmlns:xsi="http://www.w3.org/2001/XMLSchema-instance" xsi:noNamespaceSchemaLocation="https://maven.apache.org/surefire/maven-surefire-plugin/xsd/surefire-test-report.xsd" version="3.0.1" name="at.mci4me.em7787.AppTest" time="0.127" tests="1" errors="0" skipped="0" failures="0">
  <properties>
[...]
</properties>
  <testcase name="testSumPositiveNumbers" classname="at.mci4me.em7787.AppTest" time="0.051">
    <system-out><![CDATA[Starte die Tests
Ein neuer Test startet.
Test: testSumPositiveNumbers
Ein Test ist beendet.
]]></system-out>
  </testcase>
</testsuite>